2025-02-01 21:43:12 - WalletWave - INFO - Initializing: Solana Wallet Scanner
2025-02-01 21:43:12 - WalletWave - INFO - Executing plugin...
2025-02-01 21:43:12 - WalletWave - INFO - Exporting plugin results..
2025-02-01 21:43:12 - WalletWave - INFO - Exporting wallet data...
2025-02-01 21:43:12 - WalletWave - ERROR - An error occurred while running the plugin: 'coroutine' object is not iterable
2025-02-02 16:19:33 - WalletWave - INFO - Initializing: Solana Wallet Scanner
2025-02-02 16:19:33 - WalletWave - ERROR - An error occurred while running the plugin: 'NoneType' object has no attribute 'info'
2025-02-02 16:32:12 - WalletWave - INFO - Initializing: Top Wallets
2025-02-02 16:32:12 - TopWallets - INFO - TopWallets plugin initialized.
2025-02-02 16:32:12 - WalletWave - INFO - Executing plugin...
2025-02-02 16:32:12 - GMGN_Client - INFO - Executing 1 queued requests...
2025-02-02 16:32:15 - httpx - INFO - HTTP Request: GET https://gmgn.ai/defi/quotation/v1/rank/sol/wallets/7d?tag=smart_degen&orderby=pnl_7d&direction=desc "HTTP/1.1 403 Forbidden"
2025-02-02 16:32:15 - GMGN_Client - WARNING - Received HTTP 403 for https://gmgn.ai/defi/quotation/v1/rank/sol/wallets/7d, rotating headers and retrying...
2025-02-02 16:32:15 - gmgn_api - ERROR - Received HTTP 403 for https://gmgn.ai/defi/quotation/v1/rank/sol/wallets/7d
2025-02-02 16:32:24 - httpx - INFO - HTTP Request: GET https://gmgn.ai/defi/quotation/v1/rank/sol/wallets/7d?tag=smart_degen&orderby=pnl_7d&direction=desc "HTTP/1.1 403 Forbidden"
2025-02-02 16:32:24 - GMGN_Client - WARNING - Received HTTP 403 for https://gmgn.ai/defi/quotation/v1/rank/sol/wallets/7d, rotating headers and retrying...
2025-02-02 16:32:24 - gmgn_api - ERROR - Received HTTP 403 for https://gmgn.ai/defi/quotation/v1/rank/sol/wallets/7d
2025-02-02 16:32:32 - httpx - INFO - HTTP Request: GET https://gmgn.ai/defi/quotation/v1/rank/sol/wallets/7d?tag=smart_degen&orderby=pnl_7d&direction=desc "HTTP/1.1 403 Forbidden"
2025-02-02 16:32:32 - GMGN_Client - WARNING - Received HTTP 403 for https://gmgn.ai/defi/quotation/v1/rank/sol/wallets/7d, rotating headers and retrying...
2025-02-02 16:32:32 - gmgn_api - ERROR - Received HTTP 403 for https://gmgn.ai/defi/quotation/v1/rank/sol/wallets/7d
2025-02-02 16:32:32 - GMGN_Client - ERROR - Multiple consecutive failures, clearing cookies and retrying...
2025-02-02 16:32:32 - GMGN_Client - WARNING - Lets destroy cookies!
2025-02-02 16:32:32 - GMGN_Client - INFO - Cookies cleared...
2025-02-02 16:32:44 - httpx - INFO - HTTP Request: GET https://gmgn.ai/defi/quotation/v1/rank/sol/wallets/7d?tag=smart_degen&orderby=pnl_7d&direction=desc "HTTP/1.1 403 Forbidden"
2025-02-02 16:32:44 - GMGN_Client - WARNING - Received HTTP 403 for https://gmgn.ai/defi/quotation/v1/rank/sol/wallets/7d, rotating headers and retrying...
2025-02-02 16:32:44 - gmgn_api - ERROR - Received HTTP 403 for https://gmgn.ai/defi/quotation/v1/rank/sol/wallets/7d
2025-02-02 16:32:56 - httpx - INFO - HTTP Request: GET https://gmgn.ai/defi/quotation/v1/rank/sol/wallets/7d?tag=smart_degen&orderby=pnl_7d&direction=desc "HTTP/1.1 403 Forbidden"
2025-02-02 16:32:56 - GMGN_Client - WARNING - Received HTTP 403 for https://gmgn.ai/defi/quotation/v1/rank/sol/wallets/7d, rotating headers and retrying...
2025-02-02 16:32:56 - gmgn_api - ERROR - Received HTTP 403 for https://gmgn.ai/defi/quotation/v1/rank/sol/wallets/7d
2025-02-02 16:33:04 - httpx - INFO - HTTP Request: GET https://gmgn.ai/defi/quotation/v1/rank/sol/wallets/7d?tag=smart_degen&orderby=pnl_7d&direction=desc "HTTP/1.1 403 Forbidden"
2025-02-02 16:33:04 - GMGN_Client - WARNING - Received HTTP 403 for https://gmgn.ai/defi/quotation/v1/rank/sol/wallets/7d, rotating headers and retrying...
2025-02-02 16:33:04 - gmgn_api - ERROR - Received HTTP 403 for https://gmgn.ai/defi/quotation/v1/rank/sol/wallets/7d
2025-02-02 16:33:04 - GMGN_Client - ERROR - Multiple consecutive failures, clearing cookies and retrying...
2025-02-02 16:33:04 - GMGN_Client - WARNING - Lets destroy cookies!
2025-02-02 16:33:04 - GMGN_Client - INFO - Cookies cleared...
2025-02-02 16:33:15 - httpx - INFO - HTTP Request: GET https://gmgn.ai/defi/quotation/v1/rank/sol/wallets/7d?tag=smart_degen&orderby=pnl_7d&direction=desc "HTTP/1.1 403 Forbidden"
2025-02-02 16:33:15 - GMGN_Client - WARNING - Received HTTP 403 for https://gmgn.ai/defi/quotation/v1/rank/sol/wallets/7d, rotating headers and retrying...
2025-02-02 16:33:15 - gmgn_api - ERROR - Received HTTP 403 for https://gmgn.ai/defi/quotation/v1/rank/sol/wallets/7d
2025-02-02 16:33:23 - httpx - INFO - HTTP Request: GET https://gmgn.ai/defi/quotation/v1/rank/sol/wallets/7d?tag=smart_degen&orderby=pnl_7d&direction=desc "HTTP/1.1 403 Forbidden"
2025-02-02 16:33:23 - GMGN_Client - WARNING - Received HTTP 403 for https://gmgn.ai/defi/quotation/v1/rank/sol/wallets/7d, rotating headers and retrying...
2025-02-02 16:33:23 - gmgn_api - ERROR - Received HTTP 403 for https://gmgn.ai/defi/quotation/v1/rank/sol/wallets/7d
2025-02-02 16:33:31 - httpx - INFO - HTTP Request: GET https://gmgn.ai/defi/quotation/v1/rank/sol/wallets/7d?tag=smart_degen&orderby=pnl_7d&direction=desc "HTTP/1.1 403 Forbidden"
2025-02-02 16:33:31 - GMGN_Client - WARNING - Received HTTP 403 for https://gmgn.ai/defi/quotation/v1/rank/sol/wallets/7d, rotating headers and retrying...
2025-02-02 16:33:31 - gmgn_api - ERROR - Received HTTP 403 for https://gmgn.ai/defi/quotation/v1/rank/sol/wallets/7d
2025-02-02 16:33:31 - GMGN_Client - ERROR - Multiple consecutive failures, clearing cookies and retrying...
2025-02-02 16:33:31 - GMGN_Client - WARNING - Lets destroy cookies!
2025-02-02 16:33:31 - GMGN_Client - INFO - Cookies cleared...
2025-02-02 16:39:16 - WalletWave - INFO - Initializing: Solana Wallet Scanner
2025-02-02 16:39:16 - WalletWave - ERROR - An error occurred while running the plugin: 'NoneType' object has no attribute 'info'
2025-02-02 16:39:48 - WalletWave - INFO - Initializing: Solana Wallet Scanner
2025-02-02 16:39:48 - WalletWave - ERROR - An error occurred while running the plugin: object NoneType can't be used in 'await' expression
2025-02-02 16:40:55 - WalletWave - INFO - Initializing: Solana Wallet Scanner
2025-02-02 16:40:55 - WalletWave - ERROR - An error occurred while running the plugin: 'NoneType' object has no attribute 'info'
2025-02-02 16:43:41 - WalletWave - INFO - Initializing: Solana Wallet Scanner
2025-02-02 16:43:41 - SolanaWalletScanner - INFO - Solana Wallet Scanner initialized
2025-02-02 16:44:16 - SolanaWalletScanner - ERROR - Wallet file not found: test.txt
2025-02-02 16:44:16 - SolanaWalletScanner - ERROR - No wallets loaded. Stopping plugin execution
2025-02-02 16:44:38 - SolanaWalletScanner - INFO - Loaded 16 wallets from test.txt.
2025-02-02 16:44:38 - SolanaWalletScanner - INFO - Solana Wallet Scanner initialized with 16 wallets
2025-02-02 16:44:38 - WalletWave - INFO - Executing plugin...
2025-02-02 16:44:40 - WalletWave - ERROR - An error occurred while running the plugin: 
2025-02-02 16:44:41 - WalletWave - INFO - Initializing: Solana Wallet Scanner
2025-02-02 16:44:41 - SolanaWalletScanner - INFO - Solana Wallet Scanner initialized
2025-02-02 16:44:44 - SolanaWalletScanner - INFO - Loaded 16 wallets from test.txt.
2025-02-02 16:44:44 - SolanaWalletScanner - INFO - Solana Wallet Scanner initialized with 16 wallets
2025-02-02 16:44:44 - WalletWave - INFO - Executing plugin...
2025-02-02 16:44:45 - SolanaWalletScanner - INFO - Executing Solana Wallet Scanner...
2025-02-02 16:44:45 - GMGN_Client - INFO - Executing 1 queued requests...
2025-02-02 16:44:47 - httpx - INFO - HTTP Request: GET https://gmgn.ai/defi/quotation/v1/smartmoney/sol/walletNew/6VBWNKezNFrVz9jCh5qrUXz8ZoySLEZvpyBHLqF9R28Y?period=7d "HTTP/1.1 403 Forbidden"
2025-02-02 16:44:47 - GMGN_Client - WARNING - Received HTTP 403 for https://gmgn.ai/defi/quotation/v1/smartmoney/sol/walletNew/6VBWNKezNFrVz9jCh5qrUXz8ZoySLEZvpyBHLqF9R28Y, rotating headers and retrying...
2025-02-02 16:44:47 - gmgn_api - ERROR - Received HTTP 403 for https://gmgn.ai/defi/quotation/v1/smartmoney/sol/walletNew/6VBWNKezNFrVz9jCh5qrUXz8ZoySLEZvpyBHLqF9R28Y
2025-02-02 16:44:57 - httpx - INFO - HTTP Request: GET https://gmgn.ai/defi/quotation/v1/smartmoney/sol/walletNew/6VBWNKezNFrVz9jCh5qrUXz8ZoySLEZvpyBHLqF9R28Y?period=7d "HTTP/1.1 403 Forbidden"
2025-02-02 16:44:57 - GMGN_Client - WARNING - Received HTTP 403 for https://gmgn.ai/defi/quotation/v1/smartmoney/sol/walletNew/6VBWNKezNFrVz9jCh5qrUXz8ZoySLEZvpyBHLqF9R28Y, rotating headers and retrying...
2025-02-02 16:44:57 - gmgn_api - ERROR - Received HTTP 403 for https://gmgn.ai/defi/quotation/v1/smartmoney/sol/walletNew/6VBWNKezNFrVz9jCh5qrUXz8ZoySLEZvpyBHLqF9R28Y
2025-02-02 16:45:10 - httpx - INFO - HTTP Request: GET https://gmgn.ai/defi/quotation/v1/smartmoney/sol/walletNew/6VBWNKezNFrVz9jCh5qrUXz8ZoySLEZvpyBHLqF9R28Y?period=7d "HTTP/1.1 403 Forbidden"
2025-02-02 16:45:10 - GMGN_Client - WARNING - Received HTTP 403 for https://gmgn.ai/defi/quotation/v1/smartmoney/sol/walletNew/6VBWNKezNFrVz9jCh5qrUXz8ZoySLEZvpyBHLqF9R28Y, rotating headers and retrying...
2025-02-02 16:45:10 - gmgn_api - ERROR - Received HTTP 403 for https://gmgn.ai/defi/quotation/v1/smartmoney/sol/walletNew/6VBWNKezNFrVz9jCh5qrUXz8ZoySLEZvpyBHLqF9R28Y
2025-02-02 16:45:10 - GMGN_Client - ERROR - Multiple consecutive failures, clearing cookies and retrying...
2025-02-02 16:45:10 - GMGN_Client - WARNING - Lets destroy cookies!
2025-02-02 16:45:10 - GMGN_Client - INFO - Cookies cleared...
2025-02-02 16:45:17 - httpx - INFO - HTTP Request: GET https://gmgn.ai/defi/quotation/v1/smartmoney/sol/walletNew/6VBWNKezNFrVz9jCh5qrUXz8ZoySLEZvpyBHLqF9R28Y?period=7d "HTTP/1.1 403 Forbidden"
2025-02-02 16:45:17 - GMGN_Client - WARNING - Received HTTP 403 for https://gmgn.ai/defi/quotation/v1/smartmoney/sol/walletNew/6VBWNKezNFrVz9jCh5qrUXz8ZoySLEZvpyBHLqF9R28Y, rotating headers and retrying...
2025-02-02 16:45:17 - gmgn_api - ERROR - Received HTTP 403 for https://gmgn.ai/defi/quotation/v1/smartmoney/sol/walletNew/6VBWNKezNFrVz9jCh5qrUXz8ZoySLEZvpyBHLqF9R28Y
2025-02-02 16:45:25 - httpx - INFO - HTTP Request: GET https://gmgn.ai/defi/quotation/v1/smartmoney/sol/walletNew/6VBWNKezNFrVz9jCh5qrUXz8ZoySLEZvpyBHLqF9R28Y?period=7d "HTTP/1.1 403 Forbidden"
2025-02-02 16:45:25 - GMGN_Client - WARNING - Received HTTP 403 for https://gmgn.ai/defi/quotation/v1/smartmoney/sol/walletNew/6VBWNKezNFrVz9jCh5qrUXz8ZoySLEZvpyBHLqF9R28Y, rotating headers and retrying...
2025-02-02 16:45:25 - gmgn_api - ERROR - Received HTTP 403 for https://gmgn.ai/defi/quotation/v1/smartmoney/sol/walletNew/6VBWNKezNFrVz9jCh5qrUXz8ZoySLEZvpyBHLqF9R28Y
2025-02-02 16:45:31 - GMGN_Client - INFO - Max requests reached, rotating headers...
2025-02-02 16:45:31 - GMGN_Client - INFO - Rotated Headers -> Client: chrome_111, User-Agent: Mozilla/5.0 (Windows NT 10.0; Win64; x64) AppleWebKit/537.36 (KHTML, like Gecko) Chrome/131.0.0.0 Safari/537.36
2025-02-02 16:45:33 - httpx - INFO - HTTP Request: GET https://gmgn.ai/defi/quotation/v1/smartmoney/sol/walletNew/6VBWNKezNFrVz9jCh5qrUXz8ZoySLEZvpyBHLqF9R28Y?period=7d "HTTP/1.1 403 Forbidden"
2025-02-02 16:45:33 - GMGN_Client - WARNING - Received HTTP 403 for https://gmgn.ai/defi/quotation/v1/smartmoney/sol/walletNew/6VBWNKezNFrVz9jCh5qrUXz8ZoySLEZvpyBHLqF9R28Y, rotating headers and retrying...
2025-02-02 16:45:33 - gmgn_api - ERROR - Received HTTP 403 for https://gmgn.ai/defi/quotation/v1/smartmoney/sol/walletNew/6VBWNKezNFrVz9jCh5qrUXz8ZoySLEZvpyBHLqF9R28Y
2025-02-02 16:45:33 - GMGN_Client - ERROR - Multiple consecutive failures, clearing cookies and retrying...
2025-02-02 16:45:33 - GMGN_Client - WARNING - Lets destroy cookies!
2025-02-02 16:45:33 - GMGN_Client - INFO - Cookies cleared...
2025-02-02 16:45:42 - httpx - INFO - HTTP Request: GET https://gmgn.ai/defi/quotation/v1/smartmoney/sol/walletNew/6VBWNKezNFrVz9jCh5qrUXz8ZoySLEZvpyBHLqF9R28Y?period=7d "HTTP/1.1 403 Forbidden"
2025-02-02 16:45:42 - GMGN_Client - WARNING - Received HTTP 403 for https://gmgn.ai/defi/quotation/v1/smartmoney/sol/walletNew/6VBWNKezNFrVz9jCh5qrUXz8ZoySLEZvpyBHLqF9R28Y, rotating headers and retrying...
2025-02-02 16:45:42 - gmgn_api - ERROR - Received HTTP 403 for https://gmgn.ai/defi/quotation/v1/smartmoney/sol/walletNew/6VBWNKezNFrVz9jCh5qrUXz8ZoySLEZvpyBHLqF9R28Y
2025-02-02 16:45:49 - httpx - INFO - HTTP Request: GET https://gmgn.ai/defi/quotation/v1/smartmoney/sol/walletNew/6VBWNKezNFrVz9jCh5qrUXz8ZoySLEZvpyBHLqF9R28Y?period=7d "HTTP/1.1 403 Forbidden"
2025-02-02 16:45:49 - GMGN_Client - WARNING - Received HTTP 403 for https://gmgn.ai/defi/quotation/v1/smartmoney/sol/walletNew/6VBWNKezNFrVz9jCh5qrUXz8ZoySLEZvpyBHLqF9R28Y, rotating headers and retrying...
2025-02-02 16:45:49 - gmgn_api - ERROR - Received HTTP 403 for https://gmgn.ai/defi/quotation/v1/smartmoney/sol/walletNew/6VBWNKezNFrVz9jCh5qrUXz8ZoySLEZvpyBHLqF9R28Y
2025-02-02 16:45:57 - httpx - INFO - HTTP Request: GET https://gmgn.ai/defi/quotation/v1/smartmoney/sol/walletNew/6VBWNKezNFrVz9jCh5qrUXz8ZoySLEZvpyBHLqF9R28Y?period=7d "HTTP/1.1 403 Forbidden"
2025-02-02 16:45:57 - GMGN_Client - WARNING - Received HTTP 403 for https://gmgn.ai/defi/quotation/v1/smartmoney/sol/walletNew/6VBWNKezNFrVz9jCh5qrUXz8ZoySLEZvpyBHLqF9R28Y, rotating headers and retrying...
2025-02-02 16:45:57 - gmgn_api - ERROR - Received HTTP 403 for https://gmgn.ai/defi/quotation/v1/smartmoney/sol/walletNew/6VBWNKezNFrVz9jCh5qrUXz8ZoySLEZvpyBHLqF9R28Y
2025-02-02 16:45:58 - GMGN_Client - ERROR - Multiple consecutive failures, clearing cookies and retrying...
2025-02-02 16:45:58 - GMGN_Client - WARNING - Lets destroy cookies!
2025-02-02 16:45:58 - GMGN_Client - INFO - Cookies cleared...
2025-02-02 16:46:06 - httpx - INFO - HTTP Request: GET https://gmgn.ai/defi/quotation/v1/smartmoney/sol/walletNew/6VBWNKezNFrVz9jCh5qrUXz8ZoySLEZvpyBHLqF9R28Y?period=7d "HTTP/1.1 403 Forbidden"
2025-02-02 16:46:06 - GMGN_Client - WARNING - Received HTTP 403 for https://gmgn.ai/defi/quotation/v1/smartmoney/sol/walletNew/6VBWNKezNFrVz9jCh5qrUXz8ZoySLEZvpyBHLqF9R28Y, rotating headers and retrying...
2025-02-02 16:46:06 - gmgn_api - ERROR - Received HTTP 403 for https://gmgn.ai/defi/quotation/v1/smartmoney/sol/walletNew/6VBWNKezNFrVz9jCh5qrUXz8ZoySLEZvpyBHLqF9R28Y
2025-02-02 16:46:15 - httpx - INFO - HTTP Request: GET https://gmgn.ai/defi/quotation/v1/smartmoney/sol/walletNew/6VBWNKezNFrVz9jCh5qrUXz8ZoySLEZvpyBHLqF9R28Y?period=7d "HTTP/1.1 403 Forbidden"
2025-02-02 16:46:15 - GMGN_Client - WARNING - Received HTTP 403 for https://gmgn.ai/defi/quotation/v1/smartmoney/sol/walletNew/6VBWNKezNFrVz9jCh5qrUXz8ZoySLEZvpyBHLqF9R28Y, rotating headers and retrying...
2025-02-02 16:46:15 - gmgn_api - ERROR - Received HTTP 403 for https://gmgn.ai/defi/quotation/v1/smartmoney/sol/walletNew/6VBWNKezNFrVz9jCh5qrUXz8ZoySLEZvpyBHLqF9R28Y
2025-02-02 16:46:24 - httpx - INFO - HTTP Request: GET https://gmgn.ai/defi/quotation/v1/smartmoney/sol/walletNew/6VBWNKezNFrVz9jCh5qrUXz8ZoySLEZvpyBHLqF9R28Y?period=7d "HTTP/1.1 403 Forbidden"
2025-02-02 16:46:24 - GMGN_Client - WARNING - Received HTTP 403 for https://gmgn.ai/defi/quotation/v1/smartmoney/sol/walletNew/6VBWNKezNFrVz9jCh5qrUXz8ZoySLEZvpyBHLqF9R28Y, rotating headers and retrying...
2025-02-02 16:46:24 - gmgn_api - ERROR - Received HTTP 403 for https://gmgn.ai/defi/quotation/v1/smartmoney/sol/walletNew/6VBWNKezNFrVz9jCh5qrUXz8ZoySLEZvpyBHLqF9R28Y
2025-02-02 16:46:24 - GMGN_Client - ERROR - Multiple consecutive failures, clearing cookies and retrying...
2025-02-02 16:46:24 - GMGN_Client - WARNING - Lets destroy cookies!
2025-02-02 16:46:24 - GMGN_Client - INFO - Cookies cleared...
2025-02-02 16:46:36 - httpx - INFO - HTTP Request: GET https://gmgn.ai/defi/quotation/v1/smartmoney/sol/walletNew/6VBWNKezNFrVz9jCh5qrUXz8ZoySLEZvpyBHLqF9R28Y?period=7d "HTTP/1.1 403 Forbidden"
2025-02-02 16:46:36 - GMGN_Client - WARNING - Received HTTP 403 for https://gmgn.ai/defi/quotation/v1/smartmoney/sol/walletNew/6VBWNKezNFrVz9jCh5qrUXz8ZoySLEZvpyBHLqF9R28Y, rotating headers and retrying...
2025-02-02 16:46:36 - gmgn_api - ERROR - Received HTTP 403 for https://gmgn.ai/defi/quotation/v1/smartmoney/sol/walletNew/6VBWNKezNFrVz9jCh5qrUXz8ZoySLEZvpyBHLqF9R28Y
2025-02-02 16:46:43 - GMGN_Client - INFO - Max requests reached, rotating headers...
2025-02-02 16:46:43 - GMGN_Client - INFO - Rotated Headers -> Client: firefox_120, User-Agent: Mozilla/5.0 (X11; Linux x86_64; rv:125.0) Gecko/20100101 Firefox/125.0
2025-02-02 16:46:45 - httpx - INFO - HTTP Request: GET https://gmgn.ai/defi/quotation/v1/smartmoney/sol/walletNew/6VBWNKezNFrVz9jCh5qrUXz8ZoySLEZvpyBHLqF9R28Y?period=7d "HTTP/1.1 403 Forbidden"
2025-02-02 16:46:45 - GMGN_Client - WARNING - Received HTTP 403 for https://gmgn.ai/defi/quotation/v1/smartmoney/sol/walletNew/6VBWNKezNFrVz9jCh5qrUXz8ZoySLEZvpyBHLqF9R28Y, rotating headers and retrying...
2025-02-02 16:46:45 - gmgn_api - ERROR - Received HTTP 403 for https://gmgn.ai/defi/quotation/v1/smartmoney/sol/walletNew/6VBWNKezNFrVz9jCh5qrUXz8ZoySLEZvpyBHLqF9R28Y
