2025-01-31 19:21:52 - gmgn_api - INFO - Request to https://gmgn.ai/defi/quotation/v1/smartmoney/sol/walletNew/6VBWNKezNFrVz9jCh5qrUXz8ZoySLEZvpyBHLqF9R28Y completed successfully.
2025-01-31 19:21:52 - gmgn_api - INFO - Request to https://gmgn.ai/defi/quotation/v1/smartmoney/sol/walletNew/6VBWNKezNFrVz9jCh5qrUXz8ZoySLEZvpyBHLqF9R28Y completed successfully.
2025-01-31 19:21:53 - gmgn_api - INFO - Request to https://gmgn.ai/defi/quotation/v1/smartmoney/sol/walletNew/FW2PJkHDm9HpVcnR2MKbP2urd8u2buJQkQWogxnw7Fja completed successfully.
2025-01-31 19:21:53 - gmgn_api - INFO - Request to https://gmgn.ai/defi/quotation/v1/smartmoney/sol/walletNew/FW2PJkHDm9HpVcnR2MKbP2urd8u2buJQkQWogxnw7Fja completed successfully.
2025-01-31 19:21:53 - gmgn_api - INFO - Request to https://gmgn.ai/defi/quotation/v1/smartmoney/sol/walletNew/FDiVPpzjfbwxvjjqUSVrqFcCS7CG8aY9WWnxSsMWuj5W completed successfully.
2025-01-31 19:21:53 - gmgn_api - INFO - Request to https://gmgn.ai/defi/quotation/v1/smartmoney/sol/walletNew/FDiVPpzjfbwxvjjqUSVrqFcCS7CG8aY9WWnxSsMWuj5W completed successfully.
2025-01-31 19:21:53 - gmgn_api - INFO - Request to https://gmgn.ai/defi/quotation/v1/smartmoney/sol/walletNew/Gvp8oQCJh9iwyDAjW7tSt9J5FismTmBctiBf8xDX6wg8 completed successfully.
2025-01-31 19:21:53 - gmgn_api - INFO - Request to https://gmgn.ai/defi/quotation/v1/smartmoney/sol/walletNew/Gvp8oQCJh9iwyDAjW7tSt9J5FismTmBctiBf8xDX6wg8 completed successfully.
2025-01-31 19:21:53 - gmgn_api - INFO - Request to https://gmgn.ai/defi/quotation/v1/smartmoney/sol/walletNew/HEmg53AvjtCejY3NgqhF3dff5uJQPaLPiHU8GsJU7WzG completed successfully.
2025-01-31 19:21:53 - gmgn_api - INFO - Request to https://gmgn.ai/defi/quotation/v1/smartmoney/sol/walletNew/HEmg53AvjtCejY3NgqhF3dff5uJQPaLPiHU8GsJU7WzG completed successfully.
2025-01-31 19:21:54 - gmgn_api - INFO - Request to https://gmgn.ai/defi/quotation/v1/smartmoney/sol/walletNew/5sc5JnefFVyu9AVYHzXNmEBZPXU9Lhq6LhWR5cm9JgoM completed successfully.
2025-01-31 19:21:54 - gmgn_api - INFO - Request to https://gmgn.ai/defi/quotation/v1/smartmoney/sol/walletNew/5sc5JnefFVyu9AVYHzXNmEBZPXU9Lhq6LhWR5cm9JgoM completed successfully.
2025-01-31 19:21:54 - gmgn_api - INFO - Request to https://gmgn.ai/defi/quotation/v1/smartmoney/sol/walletNew/7ACBAs2CmUbsNDEAWMsc46XcBzDjRTbTJzmAzK5tuy2s completed successfully.
2025-01-31 19:21:54 - gmgn_api - INFO - Request to https://gmgn.ai/defi/quotation/v1/smartmoney/sol/walletNew/7ACBAs2CmUbsNDEAWMsc46XcBzDjRTbTJzmAzK5tuy2s completed successfully.
2025-01-31 19:21:54 - gmgn_api - INFO - Request to https://gmgn.ai/defi/quotation/v1/smartmoney/sol/walletNew/8i5x6j11u7K1mJVrgCqpMj6R5Sv6TZUxvhgLoZAzzVpi completed successfully.
2025-01-31 19:21:54 - gmgn_api - INFO - Request to https://gmgn.ai/defi/quotation/v1/smartmoney/sol/walletNew/8i5x6j11u7K1mJVrgCqpMj6R5Sv6TZUxvhgLoZAzzVpi completed successfully.
2025-01-31 19:21:54 - gmgn_api - INFO - Request to https://gmgn.ai/defi/quotation/v1/smartmoney/sol/walletNew/4B6i3z4aAGWwwixdUJb92Kxkd3PgcHbUrt2Zi7LP1ndK completed successfully.
2025-01-31 19:21:54 - gmgn_api - INFO - Request to https://gmgn.ai/defi/quotation/v1/smartmoney/sol/walletNew/4B6i3z4aAGWwwixdUJb92Kxkd3PgcHbUrt2Zi7LP1ndK completed successfully.
2025-01-31 19:21:54 - gmgn_api - INFO - Request to https://gmgn.ai/defi/quotation/v1/smartmoney/sol/walletNew/HighDYcKVXpYJdukBXNdHZ8Kb5qZnR8Hn6aYuWS1SSnu completed successfully.
2025-01-31 19:21:54 - gmgn_api - INFO - Request to https://gmgn.ai/defi/quotation/v1/smartmoney/sol/walletNew/HighDYcKVXpYJdukBXNdHZ8Kb5qZnR8Hn6aYuWS1SSnu completed successfully.
2025-01-31 19:21:55 - gmgn_api - INFO - Request to https://gmgn.ai/defi/quotation/v1/smartmoney/sol/walletNew/3E5QmNWkXHixHJKtsgahc4L1WR2sWQ44Ayd4iorVZZfN completed successfully.
2025-01-31 19:21:55 - gmgn_api - INFO - Request to https://gmgn.ai/defi/quotation/v1/smartmoney/sol/walletNew/3E5QmNWkXHixHJKtsgahc4L1WR2sWQ44Ayd4iorVZZfN completed successfully.
2025-01-31 19:21:55 - gmgn_api - INFO - Request to https://gmgn.ai/defi/quotation/v1/smartmoney/sol/walletNew/D9A1wCMf2QNfFWThBPaPXFb3m1AzaqNUrzBvZKKL6Cp4 completed successfully.
2025-01-31 19:21:55 - gmgn_api - INFO - Request to https://gmgn.ai/defi/quotation/v1/smartmoney/sol/walletNew/D9A1wCMf2QNfFWThBPaPXFb3m1AzaqNUrzBvZKKL6Cp4 completed successfully.
2025-01-31 19:21:55 - gmgn_api - INFO - Request to https://gmgn.ai/defi/quotation/v1/smartmoney/sol/walletNew/9Sv7Jj5Mu4F8hfevURdrPvA3CLjuuMpXBisoesrLvKEv completed successfully.
2025-01-31 19:21:55 - gmgn_api - INFO - Request to https://gmgn.ai/defi/quotation/v1/smartmoney/sol/walletNew/9Sv7Jj5Mu4F8hfevURdrPvA3CLjuuMpXBisoesrLvKEv completed successfully.
2025-01-31 19:21:55 - gmgn_api - INFO - Request to https://gmgn.ai/defi/quotation/v1/smartmoney/sol/walletNew/CjWX6z2ujwCEWX1b3NV5xTDWfqvUfWJRUzJ2zj2rwLfk completed successfully.
2025-01-31 19:21:55 - gmgn_api - INFO - Request to https://gmgn.ai/defi/quotation/v1/smartmoney/sol/walletNew/CjWX6z2ujwCEWX1b3NV5xTDWfqvUfWJRUzJ2zj2rwLfk completed successfully.
2025-01-31 19:21:55 - gmgn_api - INFO - Request to https://gmgn.ai/defi/quotation/v1/smartmoney/sol/walletNew/6LJfRoevujggKxNRMsb9f8PfhcjujRshzXwgG7HbmaTm completed successfully.
2025-01-31 19:21:55 - gmgn_api - INFO - Request to https://gmgn.ai/defi/quotation/v1/smartmoney/sol/walletNew/6LJfRoevujggKxNRMsb9f8PfhcjujRshzXwgG7HbmaTm completed successfully.
2025-01-31 19:21:56 - gmgn_api - INFO - Request to https://gmgn.ai/defi/quotation/v1/smartmoney/sol/walletNew/6n8qjrofokMVKk6mMWuSxfYrehR9jS6mrnJ5NFq8iyqj completed successfully.
2025-01-31 19:21:56 - gmgn_api - INFO - Request to https://gmgn.ai/defi/quotation/v1/smartmoney/sol/walletNew/6n8qjrofokMVKk6mMWuSxfYrehR9jS6mrnJ5NFq8iyqj completed successfully.
2025-01-31 19:21:56 - gmgn_api - INFO - Request to https://gmgn.ai/defi/quotation/v1/smartmoney/sol/walletNew/3aHxNstdW44PWGJQ7VAfzt1gnjz4KC8nxJ8tyxpP2dyX completed successfully.
2025-01-31 19:21:56 - gmgn_api - INFO - Request to https://gmgn.ai/defi/quotation/v1/smartmoney/sol/walletNew/3aHxNstdW44PWGJQ7VAfzt1gnjz4KC8nxJ8tyxpP2dyX completed successfully.
2025-01-31 19:21:56 - gmgn_api - INFO - Request to https://gmgn.ai/defi/quotation/v1/smartmoney/sol/walletNew/6yuk47z4c6F3hzsWoRYm53NbxDoGzYjwrkJdLt9qKXN3 completed successfully.
2025-01-31 19:21:56 - gmgn_api - INFO - Request to https://gmgn.ai/defi/quotation/v1/smartmoney/sol/walletNew/6yuk47z4c6F3hzsWoRYm53NbxDoGzYjwrkJdLt9qKXN3 completed successfully.
