2025-01-31 22:58:39 - WalletWave - INFO - Initializing: Top Wallets
2025-01-31 22:58:39 - TopWallets - INFO - TopWallets plugin initialized.
2025-01-31 22:58:39 - WalletWave - INFO - Executing plugin...
2025-01-31 22:58:57 - GMGN_Client - INFO - Request to https://gmgn.ai/defi/quotation/v1/rank/sol/wallets/7d completed successfully.
2025-01-31 22:58:57 - gmgn_api - INFO - Request to https://gmgn.ai/defi/quotation/v1/rank/sol/wallets/7d completed successfully.
2025-01-31 22:59:11 - WalletWave - INFO - Initializing: Top Wallets
2025-01-31 22:59:11 - TopWallets - INFO - TopWallets plugin initialized.
2025-01-31 22:59:11 - WalletWave - INFO - Executing plugin...
2025-02-01 18:46:01 - WalletWave - INFO - Initializing: Solana Wallet Scanner
2025-02-01 18:46:01 - WalletWave - ERROR - An error occurred while running the plugin: 'NoneType' object has no attribute 'info'
2025-02-01 18:48:48 - WalletWave - INFO - Initializing: Top Wallets
2025-02-01 18:48:48 - TopWallets - INFO - TopWallets plugin initialized.
2025-02-01 18:48:48 - WalletWave - ERROR - An error occurred while running the plugin: object NoneType can't be used in 'await' expression
2025-02-01 18:52:48 - WalletWave - INFO - Initializing: Top Wallets
2025-02-01 18:52:48 - TopWallets - INFO - TopWallets plugin initialized.
2025-02-01 18:52:48 - WalletWave - INFO - Executing plugin...
2025-02-01 18:52:48 - TopWallets - ERROR - Error fetching top wallets: 'coroutine' object has no attribute 'rank'
2025-02-01 18:52:48 - TopWallets - ERROR - No top wallets found.
2025-02-01 18:52:48 - WalletWave - INFO - Exporting plugin results..
2025-02-01 18:52:48 - WalletWave - INFO - Exporting wallet data...
2025-02-01 18:52:48 - FileUtils - WARNING - No data to export
2025-02-01 18:52:48 - WalletWave - INFO - Finalizing plugin...
2025-02-01 18:52:48 - TopWallets - INFO - TopWallets plugin finalized
2025-02-01 18:58:31 - WalletWave - INFO - Initializing: Solana Wallet Scanner
2025-02-01 18:58:31 - WalletWave - ERROR - An error occurred while running the plugin: 'NoneType' object has no attribute 'info'
2025-02-01 18:59:32 - WalletWave - INFO - Initializing: Top Wallets
2025-02-01 18:59:32 - TopWallets - INFO - TopWallets plugin initialized.
2025-02-01 18:59:32 - WalletWave - INFO - Executing plugin...
2025-02-01 18:59:32 - TopWallets - ERROR - Error fetching top wallets: 'coroutine' object has no attribute 'rank'
2025-02-01 18:59:32 - TopWallets - ERROR - No top wallets found.
2025-02-01 18:59:32 - WalletWave - INFO - Exporting plugin results..
2025-02-01 18:59:32 - WalletWave - INFO - Exporting wallet data...
2025-02-01 18:59:32 - FileUtils - WARNING - No data to export
2025-02-01 18:59:32 - WalletWave - INFO - Finalizing plugin...
2025-02-01 18:59:32 - TopWallets - INFO - TopWallets plugin finalized
2025-02-01 19:06:29 - WalletWave - INFO - Initializing: Top Wallets
2025-02-01 19:06:29 - TopWallets - INFO - TopWallets plugin initialized.
2025-02-01 19:06:29 - WalletWave - INFO - Executing plugin...
2025-02-01 19:06:29 - TopWallets - ERROR - Error fetching top wallets: 'NoneType' object has no attribute 'rank'
2025-02-01 19:06:29 - TopWallets - ERROR - No top wallets found.
2025-02-01 19:06:29 - WalletWave - INFO - Exporting plugin results..
2025-02-01 19:06:29 - WalletWave - INFO - Exporting wallet data...
2025-02-01 19:06:29 - FileUtils - WARNING - No data to export
2025-02-01 19:06:29 - WalletWave - INFO - Finalizing plugin...
2025-02-01 19:06:29 - TopWallets - INFO - TopWallets plugin finalized
2025-02-01 19:11:02 - WalletWave - INFO - Initializing: Top Wallets
2025-02-01 19:11:02 - TopWallets - INFO - TopWallets plugin initialized.
2025-02-01 19:11:02 - WalletWave - INFO - Executing plugin...
2025-02-01 19:11:02 - TopWallets - ERROR - Error fetching top wallets: 1 validation error for WalletsResponse
  Input should be a valid dictionary or instance of WalletsResponse [type=model_type, input_value=None, input_type=NoneType]
    For further information visit https://errors.pydantic.dev/2.10/v/model_type
2025-02-01 19:11:02 - TopWallets - ERROR - No top wallets found.
2025-02-01 19:11:02 - WalletWave - INFO - Exporting plugin results..
2025-02-01 19:11:02 - WalletWave - INFO - Exporting wallet data...
2025-02-01 19:11:02 - FileUtils - WARNING - No data to export
2025-02-01 19:11:02 - WalletWave - INFO - Finalizing plugin...
2025-02-01 19:11:02 - TopWallets - INFO - TopWallets plugin finalized
2025-02-01 19:21:35 - WalletWave - INFO - Initializing: Top Wallets
2025-02-01 19:21:35 - TopWallets - INFO - TopWallets plugin initialized.
2025-02-01 19:21:35 - WalletWave - INFO - Executing plugin...
2025-02-01 19:21:35 - TopWallets - ERROR - Error fetching top wallets: 1 validation error for WalletsResponse
  Input should be a valid dictionary or instance of WalletsResponse [type=model_type, input_value=None, input_type=NoneType]
    For further information visit https://errors.pydantic.dev/2.10/v/model_type
2025-02-01 19:21:35 - TopWallets - ERROR - No top wallets found.
2025-02-01 19:21:35 - WalletWave - INFO - Exporting plugin results..
2025-02-01 19:21:35 - WalletWave - INFO - Exporting wallet data...
2025-02-01 19:21:35 - FileUtils - WARNING - No data to export
2025-02-01 19:21:35 - WalletWave - INFO - Finalizing plugin...
2025-02-01 19:21:35 - TopWallets - INFO - TopWallets plugin finalized
2025-02-01 19:40:07 - WalletWave - INFO - Initializing: Top Wallets
2025-02-01 19:40:07 - TopWallets - INFO - TopWallets plugin initialized.
2025-02-01 19:40:07 - WalletWave - INFO - Executing plugin...
2025-02-01 19:40:07 - TopWallets - ERROR - Error fetching top wallets: 1 validation error for WalletsResponse
  Input should be a valid dictionary or instance of WalletsResponse [type=model_type, input_value=None, input_type=NoneType]
    For further information visit https://errors.pydantic.dev/2.10/v/model_type
2025-02-01 19:40:07 - TopWallets - ERROR - No top wallets found.
2025-02-01 19:40:07 - WalletWave - INFO - Exporting plugin results..
2025-02-01 19:40:07 - WalletWave - INFO - Exporting wallet data...
2025-02-01 19:40:07 - FileUtils - WARNING - No data to export
2025-02-01 19:40:07 - WalletWave - INFO - Finalizing plugin...
2025-02-01 19:40:07 - TopWallets - INFO - TopWallets plugin finalized
2025-02-01 19:44:24 - WalletWave - INFO - Initializing: Top Wallets
2025-02-01 19:44:24 - TopWallets - INFO - TopWallets plugin initialized.
2025-02-01 19:44:24 - WalletWave - INFO - Executing plugin...
2025-02-01 20:58:36 - WalletWave - INFO - Initializing: Top Wallets
2025-02-01 20:58:36 - TopWallets - INFO - TopWallets plugin initialized.
2025-02-01 20:58:36 - WalletWave - INFO - Executing plugin...
2025-02-01 20:58:36 - TopWallets - ERROR - Error fetching top wallets: 1 validation error for WalletsResponse
  Input should be a valid dictionary or instance of WalletsResponse [type=model_type, input_value=None, input_type=NoneType]
    For further information visit https://errors.pydantic.dev/2.10/v/model_type
2025-02-01 20:58:36 - TopWallets - ERROR - No top wallets found.
2025-02-01 20:58:36 - WalletWave - INFO - Exporting plugin results..
2025-02-01 20:58:36 - WalletWave - INFO - Exporting wallet data...
2025-02-01 20:58:36 - FileUtils - WARNING - No data to export
2025-02-01 20:58:36 - WalletWave - INFO - Finalizing plugin...
2025-02-01 20:58:36 - TopWallets - INFO - TopWallets plugin finalized
2025-02-01 21:05:11 - WalletWave - INFO - Initializing: Top Wallets
2025-02-01 21:05:11 - TopWallets - INFO - TopWallets plugin initialized.
2025-02-01 21:05:11 - WalletWave - INFO - Executing plugin...
2025-02-01 21:05:11 - GMGN_Client - INFO - Executing 1 queued requests...
2025-02-01 21:05:14 - httpx - INFO - HTTP Request: GET https://gmgn.ai/defi/quotation/v1/rank/sol/wallets/7d?tag=smart_degen&orderby=pnl_7d&direction=desc "HTTP/1.1 403 Forbidden"
2025-02-01 21:05:14 - GMGN_Client - WARNING - Received HTTP 403 for https://gmgn.ai/defi/quotation/v1/rank/sol/wallets/7d, rotating headers and retrying...
2025-02-01 21:05:14 - gmgn_api - ERROR - Received HTTP 403 for https://gmgn.ai/defi/quotation/v1/rank/sol/wallets/7d
2025-02-01 21:05:24 - httpx - INFO - HTTP Request: GET https://gmgn.ai/defi/quotation/v1/rank/sol/wallets/7d?tag=smart_degen&orderby=pnl_7d&direction=desc "HTTP/1.1 403 Forbidden"
2025-02-01 21:05:24 - GMGN_Client - WARNING - Received HTTP 403 for https://gmgn.ai/defi/quotation/v1/rank/sol/wallets/7d, rotating headers and retrying...
2025-02-01 21:05:24 - gmgn_api - ERROR - Received HTTP 403 for https://gmgn.ai/defi/quotation/v1/rank/sol/wallets/7d
2025-02-01 21:05:31 - httpx - INFO - HTTP Request: GET https://gmgn.ai/defi/quotation/v1/rank/sol/wallets/7d?tag=smart_degen&orderby=pnl_7d&direction=desc "HTTP/1.1 403 Forbidden"
2025-02-01 21:05:31 - GMGN_Client - WARNING - Received HTTP 403 for https://gmgn.ai/defi/quotation/v1/rank/sol/wallets/7d, rotating headers and retrying...
2025-02-01 21:05:31 - gmgn_api - ERROR - Received HTTP 403 for https://gmgn.ai/defi/quotation/v1/rank/sol/wallets/7d
2025-02-01 21:05:32 - GMGN_Client - ERROR - Multiple consecutive failures, clearing cookies and retrying...
2025-02-01 21:05:32 - GMGN_Client - WARNING - Lets destroy cookies!
2025-02-01 21:05:32 - GMGN_Client - INFO - Cookies cleared...
2025-02-01 21:05:42 - httpx - INFO - HTTP Request: GET https://gmgn.ai/defi/quotation/v1/rank/sol/wallets/7d?tag=smart_degen&orderby=pnl_7d&direction=desc "HTTP/1.1 403 Forbidden"
2025-02-01 21:05:42 - GMGN_Client - WARNING - Received HTTP 403 for https://gmgn.ai/defi/quotation/v1/rank/sol/wallets/7d, rotating headers and retrying...
2025-02-01 21:05:42 - gmgn_api - ERROR - Received HTTP 403 for https://gmgn.ai/defi/quotation/v1/rank/sol/wallets/7d
2025-02-01 21:05:56 - WalletWave - INFO - Initializing: Top Wallets
2025-02-01 21:05:56 - TopWallets - INFO - TopWallets plugin initialized.
2025-02-01 21:05:56 - WalletWave - INFO - Executing plugin...
2025-02-01 21:05:56 - GMGN_Client - INFO - Executing 1 queued requests...
2025-02-01 21:05:56 - GMGN_Client - INFO - Max requests reached, rotating headers...
2025-02-01 21:05:56 - GMGN_Client - INFO - Rotated Headers -> Client: chrome_118, User-Agent: Mozilla/5.0 (Windows NT 10.0; Win64; x64) AppleWebKit/537.36 (KHTML, like Gecko) Chrome/131.0.0.0 Safari/537.36
2025-02-01 21:05:58 - httpx - INFO - HTTP Request: GET https://gmgn.ai/defi/quotation/v1/rank/sol/wallets/7d?tag=smart_degen&orderby=pnl_7d&direction=desc "HTTP/1.1 403 Forbidden"
2025-02-01 21:05:58 - GMGN_Client - WARNING - Received HTTP 403 for https://gmgn.ai/defi/quotation/v1/rank/sol/wallets/7d, rotating headers and retrying...
2025-02-01 21:05:58 - gmgn_api - ERROR - Received HTTP 403 for https://gmgn.ai/defi/quotation/v1/rank/sol/wallets/7d
2025-02-01 21:06:07 - httpx - INFO - HTTP Request: GET https://gmgn.ai/defi/quotation/v1/rank/sol/wallets/7d?tag=smart_degen&orderby=pnl_7d&direction=desc "HTTP/1.1 403 Forbidden"
2025-02-01 21:06:07 - GMGN_Client - WARNING - Received HTTP 403 for https://gmgn.ai/defi/quotation/v1/rank/sol/wallets/7d, rotating headers and retrying...
2025-02-01 21:06:07 - gmgn_api - ERROR - Received HTTP 403 for https://gmgn.ai/defi/quotation/v1/rank/sol/wallets/7d
2025-02-01 21:06:20 - httpx - INFO - HTTP Request: GET https://gmgn.ai/defi/quotation/v1/rank/sol/wallets/7d?tag=smart_degen&orderby=pnl_7d&direction=desc "HTTP/1.1 403 Forbidden"
2025-02-01 21:06:20 - GMGN_Client - WARNING - Received HTTP 403 for https://gmgn.ai/defi/quotation/v1/rank/sol/wallets/7d, rotating headers and retrying...
2025-02-01 21:06:20 - gmgn_api - ERROR - Received HTTP 403 for https://gmgn.ai/defi/quotation/v1/rank/sol/wallets/7d
2025-02-01 21:06:20 - GMGN_Client - ERROR - Multiple consecutive failures, clearing cookies and retrying...
2025-02-01 21:06:20 - GMGN_Client - WARNING - Lets destroy cookies!
2025-02-01 21:06:20 - GMGN_Client - INFO - Cookies cleared...
2025-02-01 21:06:31 - httpx - INFO - HTTP Request: GET https://gmgn.ai/defi/quotation/v1/rank/sol/wallets/7d?tag=smart_degen&orderby=pnl_7d&direction=desc "HTTP/1.1 403 Forbidden"
2025-02-01 21:06:31 - GMGN_Client - WARNING - Received HTTP 403 for https://gmgn.ai/defi/quotation/v1/rank/sol/wallets/7d, rotating headers and retrying...
2025-02-01 21:06:31 - gmgn_api - ERROR - Received HTTP 403 for https://gmgn.ai/defi/quotation/v1/rank/sol/wallets/7d
2025-02-01 21:06:42 - httpx - INFO - HTTP Request: GET https://gmgn.ai/defi/quotation/v1/rank/sol/wallets/7d?tag=smart_degen&orderby=pnl_7d&direction=desc "HTTP/1.1 403 Forbidden"
2025-02-01 21:06:42 - GMGN_Client - WARNING - Received HTTP 403 for https://gmgn.ai/defi/quotation/v1/rank/sol/wallets/7d, rotating headers and retrying...
2025-02-01 21:06:42 - gmgn_api - ERROR - Received HTTP 403 for https://gmgn.ai/defi/quotation/v1/rank/sol/wallets/7d
2025-02-01 21:06:52 - httpx - INFO - HTTP Request: GET https://gmgn.ai/defi/quotation/v1/rank/sol/wallets/7d?tag=smart_degen&orderby=pnl_7d&direction=desc "HTTP/1.1 403 Forbidden"
2025-02-01 21:06:52 - GMGN_Client - WARNING - Received HTTP 403 for https://gmgn.ai/defi/quotation/v1/rank/sol/wallets/7d, rotating headers and retrying...
2025-02-01 21:06:52 - gmgn_api - ERROR - Received HTTP 403 for https://gmgn.ai/defi/quotation/v1/rank/sol/wallets/7d
2025-02-01 21:06:53 - GMGN_Client - ERROR - Multiple consecutive failures, clearing cookies and retrying...
2025-02-01 21:06:53 - GMGN_Client - WARNING - Lets destroy cookies!
2025-02-01 21:06:53 - GMGN_Client - INFO - Cookies cleared...
2025-02-01 21:07:00 - httpx - INFO - HTTP Request: GET https://gmgn.ai/defi/quotation/v1/rank/sol/wallets/7d?tag=smart_degen&orderby=pnl_7d&direction=desc "HTTP/1.1 403 Forbidden"
2025-02-01 21:07:00 - GMGN_Client - WARNING - Received HTTP 403 for https://gmgn.ai/defi/quotation/v1/rank/sol/wallets/7d, rotating headers and retrying...
2025-02-01 21:07:00 - gmgn_api - ERROR - Received HTTP 403 for https://gmgn.ai/defi/quotation/v1/rank/sol/wallets/7d
2025-02-01 21:07:09 - httpx - INFO - HTTP Request: GET https://gmgn.ai/defi/quotation/v1/rank/sol/wallets/7d?tag=smart_degen&orderby=pnl_7d&direction=desc "HTTP/1.1 403 Forbidden"
2025-02-01 21:07:09 - GMGN_Client - WARNING - Received HTTP 403 for https://gmgn.ai/defi/quotation/v1/rank/sol/wallets/7d, rotating headers and retrying...
2025-02-01 21:07:09 - gmgn_api - ERROR - Received HTTP 403 for https://gmgn.ai/defi/quotation/v1/rank/sol/wallets/7d
2025-02-01 21:07:15 - GMGN_Client - INFO - Max requests reached, rotating headers...
2025-02-01 21:07:15 - GMGN_Client - INFO - Rotated Headers -> Client: chrome_108, User-Agent: Mozilla/5.0 (Windows NT 10.0; Win64; x64) AppleWebKit/537.36 (KHTML, like Gecko) Chrome/131.0.0.0 Safari/537.36
2025-02-01 21:07:17 - httpx - INFO - HTTP Request: GET https://gmgn.ai/defi/quotation/v1/rank/sol/wallets/7d?tag=smart_degen&orderby=pnl_7d&direction=desc "HTTP/1.1 403 Forbidden"
2025-02-01 21:07:17 - GMGN_Client - WARNING - Received HTTP 403 for https://gmgn.ai/defi/quotation/v1/rank/sol/wallets/7d, rotating headers and retrying...
2025-02-01 21:07:17 - gmgn_api - ERROR - Received HTTP 403 for https://gmgn.ai/defi/quotation/v1/rank/sol/wallets/7d
2025-02-01 21:07:17 - GMGN_Client - ERROR - Multiple consecutive failures, clearing cookies and retrying...
2025-02-01 21:07:17 - GMGN_Client - WARNING - Lets destroy cookies!
2025-02-01 21:07:17 - GMGN_Client - INFO - Cookies cleared...
2025-02-01 21:07:27 - httpx - INFO - HTTP Request: GET https://gmgn.ai/defi/quotation/v1/rank/sol/wallets/7d?tag=smart_degen&orderby=pnl_7d&direction=desc "HTTP/1.1 403 Forbidden"
2025-02-01 21:07:27 - GMGN_Client - WARNING - Received HTTP 403 for https://gmgn.ai/defi/quotation/v1/rank/sol/wallets/7d, rotating headers and retrying...
2025-02-01 21:07:27 - gmgn_api - ERROR - Received HTTP 403 for https://gmgn.ai/defi/quotation/v1/rank/sol/wallets/7d
2025-02-01 21:07:32 - GMGN_Client - INFO - Max requests reached, rotating headers...
2025-02-01 21:07:32 - GMGN_Client - INFO - Rotated Headers -> Client: opera_90, User-Agent: Mozilla/5.0 (Windows NT 10.0; Win64; x64) AppleWebKit/537.36 (KHTML, like Gecko) Chrome/128.0.0.0 Safari/537.36 OPR/114.0.0.0
2025-02-01 21:07:34 - httpx - INFO - HTTP Request: GET https://gmgn.ai/defi/quotation/v1/rank/sol/wallets/7d?tag=smart_degen&orderby=pnl_7d&direction=desc "HTTP/1.1 403 Forbidden"
2025-02-01 21:07:34 - GMGN_Client - WARNING - Received HTTP 403 for https://gmgn.ai/defi/quotation/v1/rank/sol/wallets/7d, rotating headers and retrying...
2025-02-01 21:07:34 - gmgn_api - ERROR - Received HTTP 403 for https://gmgn.ai/defi/quotation/v1/rank/sol/wallets/7d
2025-02-01 21:07:45 - httpx - INFO - HTTP Request: GET https://gmgn.ai/defi/quotation/v1/rank/sol/wallets/7d?tag=smart_degen&orderby=pnl_7d&direction=desc "HTTP/1.1 403 Forbidden"
2025-02-01 21:07:45 - GMGN_Client - WARNING - Received HTTP 403 for https://gmgn.ai/defi/quotation/v1/rank/sol/wallets/7d, rotating headers and retrying...
2025-02-01 21:07:45 - gmgn_api - ERROR - Received HTTP 403 for https://gmgn.ai/defi/quotation/v1/rank/sol/wallets/7d
2025-02-01 21:07:45 - GMGN_Client - ERROR - Multiple consecutive failures, clearing cookies and retrying...
2025-02-01 21:07:45 - GMGN_Client - WARNING - Lets destroy cookies!
2025-02-01 21:07:45 - GMGN_Client - INFO - Cookies cleared...
2025-02-01 21:07:55 - httpx - INFO - HTTP Request: GET https://gmgn.ai/defi/quotation/v1/rank/sol/wallets/7d?tag=smart_degen&orderby=pnl_7d&direction=desc "HTTP/1.1 403 Forbidden"
2025-02-01 21:07:55 - GMGN_Client - WARNING - Received HTTP 403 for https://gmgn.ai/defi/quotation/v1/rank/sol/wallets/7d, rotating headers and retrying...
2025-02-01 21:07:55 - gmgn_api - ERROR - Received HTTP 403 for https://gmgn.ai/defi/quotation/v1/rank/sol/wallets/7d
2025-02-01 21:08:02 - GMGN_Client - INFO - Max requests reached, rotating headers...
2025-02-01 21:08:03 - GMGN_Client - INFO - Rotated Headers -> Client: firefox_120, User-Agent: Mozilla/5.0 (X11; Linux x86_64; rv:125.0) Gecko/20100101 Firefox/125.0
2025-02-01 21:08:05 - httpx - INFO - HTTP Request: GET https://gmgn.ai/defi/quotation/v1/rank/sol/wallets/7d?tag=smart_degen&orderby=pnl_7d&direction=desc "HTTP/1.1 403 Forbidden"
2025-02-01 21:08:05 - GMGN_Client - WARNING - Received HTTP 403 for https://gmgn.ai/defi/quotation/v1/rank/sol/wallets/7d, rotating headers and retrying...
2025-02-01 21:08:05 - gmgn_api - ERROR - Received HTTP 403 for https://gmgn.ai/defi/quotation/v1/rank/sol/wallets/7d
2025-02-01 21:08:14 - httpx - INFO - HTTP Request: GET https://gmgn.ai/defi/quotation/v1/rank/sol/wallets/7d?tag=smart_degen&orderby=pnl_7d&direction=desc "HTTP/1.1 403 Forbidden"
2025-02-01 21:08:14 - GMGN_Client - WARNING - Received HTTP 403 for https://gmgn.ai/defi/quotation/v1/rank/sol/wallets/7d, rotating headers and retrying...
2025-02-01 21:08:14 - gmgn_api - ERROR - Received HTTP 403 for https://gmgn.ai/defi/quotation/v1/rank/sol/wallets/7d
2025-02-01 21:08:14 - GMGN_Client - ERROR - Multiple consecutive failures, clearing cookies and retrying...
2025-02-01 21:08:14 - GMGN_Client - WARNING - Lets destroy cookies!
2025-02-01 21:08:14 - GMGN_Client - INFO - Cookies cleared...
2025-02-01 21:57:18 - WalletWave - INFO - Initializing: Top Wallets
2025-02-01 21:57:18 - TopWallets - INFO - TopWallets plugin initialized.
2025-02-01 21:57:18 - WalletWave - INFO - Executing plugin...
2025-02-01 21:57:18 - GMGN_Client - INFO - Executing 1 queued requests...
2025-02-01 21:57:20 - httpx - INFO - HTTP Request: GET https://gmgn.ai/defi/quotation/v1/rank/sol/wallets/7d?tag=smart_degen&orderby=pnl_7d&direction=desc "HTTP/1.1 403 Forbidden"
2025-02-01 21:57:20 - GMGN_Client - WARNING - Received HTTP 403 for https://gmgn.ai/defi/quotation/v1/rank/sol/wallets/7d, rotating headers and retrying...
2025-02-01 21:57:20 - gmgn_api - ERROR - Received HTTP 403 for https://gmgn.ai/defi/quotation/v1/rank/sol/wallets/7d
2025-02-01 21:57:31 - httpx - INFO - HTTP Request: GET https://gmgn.ai/defi/quotation/v1/rank/sol/wallets/7d?tag=smart_degen&orderby=pnl_7d&direction=desc "HTTP/1.1 403 Forbidden"
2025-02-01 21:57:31 - GMGN_Client - WARNING - Received HTTP 403 for https://gmgn.ai/defi/quotation/v1/rank/sol/wallets/7d, rotating headers and retrying...
2025-02-01 21:57:31 - gmgn_api - ERROR - Received HTTP 403 for https://gmgn.ai/defi/quotation/v1/rank/sol/wallets/7d
2025-02-01 21:57:40 - httpx - INFO - HTTP Request: GET https://gmgn.ai/defi/quotation/v1/rank/sol/wallets/7d?tag=smart_degen&orderby=pnl_7d&direction=desc "HTTP/1.1 403 Forbidden"
2025-02-01 21:57:40 - GMGN_Client - WARNING - Received HTTP 403 for https://gmgn.ai/defi/quotation/v1/rank/sol/wallets/7d, rotating headers and retrying...
2025-02-01 21:57:40 - gmgn_api - ERROR - Received HTTP 403 for https://gmgn.ai/defi/quotation/v1/rank/sol/wallets/7d
2025-02-01 21:57:40 - GMGN_Client - ERROR - Multiple consecutive failures, clearing cookies and retrying...
2025-02-01 21:57:40 - GMGN_Client - WARNING - Lets destroy cookies!
2025-02-01 21:57:40 - GMGN_Client - INFO - Cookies cleared...
2025-02-01 22:10:08 - WalletWave - INFO - Initializing: Top Wallets
2025-02-01 22:10:08 - TopWallets - INFO - TopWallets plugin initialized.
2025-02-01 22:10:08 - WalletWave - INFO - Executing plugin...
2025-02-01 22:10:08 - GMGN_Client - INFO - Executing 1 queued requests...
2025-02-01 22:10:11 - httpx - INFO - HTTP Request: GET https://gmgn.ai/defi/quotation/v1/rank/sol/wallets/7d?tag=smart_degen&orderby=pnl_7d&direction=desc "HTTP/1.1 403 Forbidden"
2025-02-01 22:10:11 - GMGN_Client - WARNING - Received HTTP 403 for https://gmgn.ai/defi/quotation/v1/rank/sol/wallets/7d, rotating headers and retrying...
2025-02-01 22:10:11 - gmgn_api - ERROR - Received HTTP 403 for https://gmgn.ai/defi/quotation/v1/rank/sol/wallets/7d
2025-02-01 22:13:13 - WalletWave - INFO - Initializing: Top Wallets
2025-02-01 22:13:13 - TopWallets - INFO - TopWallets plugin initialized.
2025-02-01 22:13:13 - WalletWave - INFO - Executing plugin...
2025-02-01 22:13:13 - GMGN_Client - INFO - Executing 1 queued requests...
2025-02-01 22:13:16 - httpx - INFO - HTTP Request: GET https://gmgn.ai/defi/quotation/v1/rank/sol/wallets/7d?tag=smart_degen&orderby=pnl_7d&direction=desc "HTTP/1.1 403 Forbidden"
2025-02-01 22:13:16 - GMGN_Client - WARNING - Received HTTP 403 for https://gmgn.ai/defi/quotation/v1/rank/sol/wallets/7d, rotating headers and retrying...
2025-02-01 22:13:16 - gmgn_api - ERROR - Received HTTP 403 for https://gmgn.ai/defi/quotation/v1/rank/sol/wallets/7d
2025-02-01 22:13:16 - GMGN_Client - INFO - sleeping for 125
2025-02-01 22:15:23 - httpx - INFO - HTTP Request: GET https://gmgn.ai/defi/quotation/v1/rank/sol/wallets/7d?tag=smart_degen&orderby=pnl_7d&direction=desc "HTTP/1.1 403 Forbidden"
2025-02-01 22:15:23 - GMGN_Client - WARNING - Received HTTP 403 for https://gmgn.ai/defi/quotation/v1/rank/sol/wallets/7d, rotating headers and retrying...
2025-02-01 22:15:23 - gmgn_api - ERROR - Received HTTP 403 for https://gmgn.ai/defi/quotation/v1/rank/sol/wallets/7d
2025-02-01 22:15:23 - GMGN_Client - INFO - sleeping for 4096
2025-02-01 22:17:09 - WalletWave - INFO - Initializing: Top Wallets
2025-02-01 22:17:09 - TopWallets - INFO - TopWallets plugin initialized.
2025-02-01 22:17:09 - WalletWave - INFO - Executing plugin...
2025-02-01 22:17:09 - GMGN_Client - INFO - Executing 1 queued requests...
2025-02-01 22:17:11 - httpx - INFO - HTTP Request: GET https://gmgn.ai/defi/quotation/v1/rank/sol/wallets/7d?tag=smart_degen&orderby=pnl_7d&direction=desc "HTTP/1.1 403 Forbidden"
2025-02-01 22:17:11 - GMGN_Client - WARNING - Received HTTP 403 for https://gmgn.ai/defi/quotation/v1/rank/sol/wallets/7d, rotating headers and retrying...
2025-02-01 22:17:11 - gmgn_api - ERROR - Received HTTP 403 for https://gmgn.ai/defi/quotation/v1/rank/sol/wallets/7d
2025-02-01 22:17:18 - httpx - INFO - HTTP Request: GET https://gmgn.ai/defi/quotation/v1/rank/sol/wallets/7d?tag=smart_degen&orderby=pnl_7d&direction=desc "HTTP/1.1 403 Forbidden"
2025-02-01 22:17:18 - GMGN_Client - WARNING - Received HTTP 403 for https://gmgn.ai/defi/quotation/v1/rank/sol/wallets/7d, rotating headers and retrying...
2025-02-01 22:17:18 - gmgn_api - ERROR - Received HTTP 403 for https://gmgn.ai/defi/quotation/v1/rank/sol/wallets/7d
2025-02-02 06:16:09 - WalletWave - INFO - Initializing: Top Wallets
2025-02-02 06:16:09 - TopWallets - INFO - TopWallets plugin initialized.
2025-02-02 06:16:09 - WalletWave - INFO - Executing plugin...
2025-02-02 06:16:09 - GMGN_Client - INFO - Executing 1 queued requests...
2025-02-02 06:16:12 - httpx - INFO - HTTP Request: GET https://gmgn.ai/defi/quotation/v1/rank/sol/wallets/7d?tag=smart_degen&orderby=pnl_7d&direction=desc "HTTP/1.1 403 Forbidden"
2025-02-02 06:16:12 - GMGN_Client - WARNING - Received HTTP 403 for https://gmgn.ai/defi/quotation/v1/rank/sol/wallets/7d, rotating headers and retrying...
2025-02-02 06:16:12 - gmgn_api - ERROR - Received HTTP 403 for https://gmgn.ai/defi/quotation/v1/rank/sol/wallets/7d
2025-02-02 06:16:24 - httpx - INFO - HTTP Request: GET https://gmgn.ai/defi/quotation/v1/rank/sol/wallets/7d?tag=smart_degen&orderby=pnl_7d&direction=desc "HTTP/1.1 403 Forbidden"
2025-02-02 06:16:24 - GMGN_Client - WARNING - Received HTTP 403 for https://gmgn.ai/defi/quotation/v1/rank/sol/wallets/7d, rotating headers and retrying...
2025-02-02 06:16:24 - gmgn_api - ERROR - Received HTTP 403 for https://gmgn.ai/defi/quotation/v1/rank/sol/wallets/7d
2025-02-02 06:17:07 - WalletWave - INFO - Initializing: Top Wallets
2025-02-02 06:17:07 - TopWallets - INFO - TopWallets plugin initialized.
2025-02-02 06:17:07 - WalletWave - INFO - Executing plugin...
2025-02-02 06:17:07 - GMGN_Client - INFO - Executing 1 queued requests...
2025-02-02 06:17:09 - httpx - INFO - HTTP Request: GET https://gmgn.ai/defi/quotation/v1/rank/sol/wallets/7d?tag=smart_degen&orderby=pnl_7d&direction=desc "HTTP/1.1 403 Forbidden"
2025-02-02 06:17:09 - GMGN_Client - WARNING - Received HTTP 403 for https://gmgn.ai/defi/quotation/v1/rank/sol/wallets/7d, rotating headers and retrying...
2025-02-02 06:17:09 - gmgn_api - ERROR - Received HTTP 403 for https://gmgn.ai/defi/quotation/v1/rank/sol/wallets/7d
2025-02-02 06:17:13 - httpx - INFO - HTTP Request: GET https://gmgn.ai/defi/quotation/v1/rank/sol/wallets/7d?tag=smart_degen&orderby=pnl_7d&direction=desc "HTTP/1.1 403 Forbidden"
2025-02-02 06:17:13 - GMGN_Client - WARNING - Received HTTP 403 for https://gmgn.ai/defi/quotation/v1/rank/sol/wallets/7d, rotating headers and retrying...
2025-02-02 06:17:13 - gmgn_api - ERROR - Received HTTP 403 for https://gmgn.ai/defi/quotation/v1/rank/sol/wallets/7d
2025-02-02 06:17:18 - httpx - INFO - HTTP Request: GET https://gmgn.ai/defi/quotation/v1/rank/sol/wallets/7d?tag=smart_degen&orderby=pnl_7d&direction=desc "HTTP/1.1 403 Forbidden"
2025-02-02 06:17:18 - GMGN_Client - WARNING - Received HTTP 403 for https://gmgn.ai/defi/quotation/v1/rank/sol/wallets/7d, rotating headers and retrying...
2025-02-02 06:17:18 - gmgn_api - ERROR - Received HTTP 403 for https://gmgn.ai/defi/quotation/v1/rank/sol/wallets/7d
2025-02-02 06:17:18 - GMGN_Client - ERROR - Multiple consecutive failures, clearing cookies and retrying...
2025-02-02 06:17:18 - GMGN_Client - WARNING - Lets destroy cookies!
2025-02-02 06:17:18 - GMGN_Client - INFO - Cookies cleared...
2025-02-02 06:17:22 - httpx - INFO - HTTP Request: GET https://gmgn.ai/defi/quotation/v1/rank/sol/wallets/7d?tag=smart_degen&orderby=pnl_7d&direction=desc "HTTP/1.1 403 Forbidden"
2025-02-02 06:17:22 - GMGN_Client - WARNING - Received HTTP 403 for https://gmgn.ai/defi/quotation/v1/rank/sol/wallets/7d, rotating headers and retrying...
2025-02-02 06:17:22 - gmgn_api - ERROR - Received HTTP 403 for https://gmgn.ai/defi/quotation/v1/rank/sol/wallets/7d
2025-02-02 06:31:47 - WalletWave - INFO - Initializing: Top Wallets
2025-02-02 06:31:47 - TopWallets - INFO - TopWallets plugin initialized.
2025-02-02 06:31:47 - WalletWave - INFO - Executing plugin...
2025-02-02 06:31:47 - GMGN_Client - INFO - Executing 1 queued requests...
2025-02-02 06:31:49 - httpx - INFO - HTTP Request: GET https://gmgn.ai/defi/quotation/v1/rank/sol/wallets/7d?tag=smart_degen&orderby=pnl_7d&direction=desc "HTTP/1.1 403 Forbidden"
2025-02-02 06:31:49 - GMGN_Client - WARNING - Received HTTP 403 for https://gmgn.ai/defi/quotation/v1/rank/sol/wallets/7d, rotating headers and retrying...
2025-02-02 06:31:49 - gmgn_api - ERROR - Received HTTP 403 for https://gmgn.ai/defi/quotation/v1/rank/sol/wallets/7d
2025-02-02 08:46:11 - WalletWave - INFO - Initializing: Top Wallets
2025-02-02 08:46:11 - TopWallets - INFO - TopWallets plugin initialized.
2025-02-02 08:46:11 - WalletWave - INFO - Executing plugin...
2025-02-02 08:46:11 - GMGN_Client - INFO - Executing 1 queued requests...
2025-02-02 08:46:14 - httpx - INFO - HTTP Request: GET https://gmgn.ai/defi/quotation/v1/rank/sol/wallets/7d?tag=smart_degen&orderby=pnl_7d&direction=desc "HTTP/1.1 403 Forbidden"
2025-02-02 08:46:14 - GMGN_Client - WARNING - Received HTTP 403 for https://gmgn.ai/defi/quotation/v1/rank/sol/wallets/7d, rotating headers and retrying...
2025-02-02 08:46:14 - gmgn_api - ERROR - Received HTTP 403 for https://gmgn.ai/defi/quotation/v1/rank/sol/wallets/7d
2025-02-02 09:32:03 - WalletWave - INFO - Initializing: Top Wallets
2025-02-02 09:32:03 - TopWallets - INFO - TopWallets plugin initialized.
2025-02-02 09:32:03 - WalletWave - INFO - Executing plugin...
2025-02-02 09:32:03 - GMGN_Client - INFO - Executing 1 queued requests...
2025-02-02 09:32:05 - httpx - INFO - HTTP Request: GET https://gmgn.ai/defi/quotation/v1/rank/sol/wallets/7d?device_id=ed54560d-e126-401a-a925-e24a596a7b85&client_id=gmgn_web_20250202.093203&tag=smart_degen&orderby=pnl_7d&direction=desc "HTTP/1.1 403 Forbidden"
2025-02-02 09:32:05 - GMGN_Client - WARNING - Received HTTP 403 for https://gmgn.ai/defi/quotation/v1/rank/sol/wallets/7d, rotating headers and retrying...
2025-02-02 09:32:05 - gmgn_api - ERROR - Received HTTP 403 for https://gmgn.ai/defi/quotation/v1/rank/sol/wallets/7d
2025-02-02 09:32:11 - GMGN_Client - INFO - Max requests reached, rotating headers...
2025-02-02 09:32:11 - GMGN_Client - INFO - Rotated Headers -> Client: chrome_108, User-Agent: Mozilla/5.0 (Windows NT 10.0; Win64; x64) AppleWebKit/537.36 (KHTML, like Gecko) Chrome/131.0.0.0 Safari/537.36
2025-02-02 09:32:13 - httpx - INFO - HTTP Request: GET https://gmgn.ai/defi/quotation/v1/rank/sol/wallets/7d?device_id=ed54560d-e126-401a-a925-e24a596a7b85&client_id=gmgn_web_20250202.093203&tag=smart_degen&orderby=pnl_7d&direction=desc "HTTP/1.1 403 Forbidden"
2025-02-02 09:32:13 - GMGN_Client - WARNING - Received HTTP 403 for https://gmgn.ai/defi/quotation/v1/rank/sol/wallets/7d, rotating headers and retrying...
2025-02-02 09:32:13 - gmgn_api - ERROR - Received HTTP 403 for https://gmgn.ai/defi/quotation/v1/rank/sol/wallets/7d
2025-02-02 09:32:24 - GMGN_Client - INFO - Max requests reached, rotating headers...
2025-02-02 09:32:24 - GMGN_Client - INFO - Rotated Headers -> Client: chrome_109, User-Agent: Mozilla/5.0 (Windows NT 10.0; Win64; x64) AppleWebKit/537.36 (KHTML, like Gecko) Chrome/131.0.0.0 Safari/537.36
2025-02-02 09:32:26 - httpx - INFO - HTTP Request: GET https://gmgn.ai/defi/quotation/v1/rank/sol/wallets/7d?device_id=ed54560d-e126-401a-a925-e24a596a7b85&client_id=gmgn_web_20250202.093203&tag=smart_degen&orderby=pnl_7d&direction=desc "HTTP/1.1 403 Forbidden"
2025-02-02 09:32:26 - GMGN_Client - WARNING - Received HTTP 403 for https://gmgn.ai/defi/quotation/v1/rank/sol/wallets/7d, rotating headers and retrying...
2025-02-02 09:32:26 - gmgn_api - ERROR - Received HTTP 403 for https://gmgn.ai/defi/quotation/v1/rank/sol/wallets/7d
2025-02-02 09:32:26 - GMGN_Client - ERROR - Multiple consecutive failures, clearing cookies and retrying...
2025-02-02 09:32:26 - GMGN_Client - WARNING - Lets destroy cookies!
2025-02-02 09:32:26 - GMGN_Client - INFO - Cookies cleared...
2025-02-02 09:32:35 - httpx - INFO - HTTP Request: GET https://gmgn.ai/defi/quotation/v1/rank/sol/wallets/7d?device_id=ed54560d-e126-401a-a925-e24a596a7b85&client_id=gmgn_web_20250202.093203&tag=smart_degen&orderby=pnl_7d&direction=desc "HTTP/1.1 403 Forbidden"
2025-02-02 09:32:35 - GMGN_Client - WARNING - Received HTTP 403 for https://gmgn.ai/defi/quotation/v1/rank/sol/wallets/7d, rotating headers and retrying...
2025-02-02 09:32:35 - gmgn_api - ERROR - Received HTTP 403 for https://gmgn.ai/defi/quotation/v1/rank/sol/wallets/7d
2025-02-02 09:58:31 - WalletWave - INFO - Initializing: Top Wallets
2025-02-02 09:58:31 - TopWallets - INFO - TopWallets plugin initialized.
2025-02-02 09:58:31 - WalletWave - INFO - Executing plugin...
2025-02-02 09:58:31 - GMGN_Client - INFO - Executing 1 queued requests...
2025-02-02 09:58:34 - httpx - INFO - HTTP Request: POST https://gmgn.ai/defi/quotation/v1/rank/sol/wallets/7d?device_id=f80400db-d886-4350-89fc-767ce49eefd7&tag=smart_degen&orderby=pnl_7d&direction=desc "HTTP/1.1 403 Forbidden"
2025-02-02 09:58:34 - GMGN_Client - WARNING - Received HTTP 403 for https://gmgn.ai/defi/quotation/v1/rank/sol/wallets/7d, rotating headers and retrying...
2025-02-02 09:58:34 - gmgn_api - ERROR - Received HTTP 403 for https://gmgn.ai/defi/quotation/v1/rank/sol/wallets/7d
2025-02-02 09:58:41 - httpx - INFO - HTTP Request: POST https://gmgn.ai/defi/quotation/v1/rank/sol/wallets/7d?device_id=f80400db-d886-4350-89fc-767ce49eefd7&tag=smart_degen&orderby=pnl_7d&direction=desc "HTTP/1.1 403 Forbidden"
2025-02-02 09:58:41 - GMGN_Client - WARNING - Received HTTP 403 for https://gmgn.ai/defi/quotation/v1/rank/sol/wallets/7d, rotating headers and retrying...
2025-02-02 09:58:41 - gmgn_api - ERROR - Received HTTP 403 for https://gmgn.ai/defi/quotation/v1/rank/sol/wallets/7d
2025-02-02 09:58:52 - httpx - INFO - HTTP Request: POST https://gmgn.ai/defi/quotation/v1/rank/sol/wallets/7d?device_id=f80400db-d886-4350-89fc-767ce49eefd7&tag=smart_degen&orderby=pnl_7d&direction=desc "HTTP/1.1 403 Forbidden"
2025-02-02 09:58:52 - GMGN_Client - WARNING - Received HTTP 403 for https://gmgn.ai/defi/quotation/v1/rank/sol/wallets/7d, rotating headers and retrying...
2025-02-02 09:58:52 - gmgn_api - ERROR - Received HTTP 403 for https://gmgn.ai/defi/quotation/v1/rank/sol/wallets/7d
2025-02-02 09:58:52 - GMGN_Client - ERROR - Multiple consecutive failures, clearing cookies and retrying...
2025-02-02 09:58:52 - GMGN_Client - WARNING - Lets destroy cookies!
2025-02-02 09:58:52 - GMGN_Client - INFO - Cookies cleared...
2025-02-02 09:59:02 - GMGN_Client - INFO - Max requests reached, rotating headers...
2025-02-02 09:59:02 - GMGN_Client - INFO - Rotated Headers -> Client: okhttp4_android_8, User-Agent: Mozilla/5.0 (Linux; Android 10; K) AppleWebKit/537.36 (KHTML, like Gecko) Chrome/131.0.0.0 Mobile Safari/537.36
2025-02-02 09:59:05 - httpx - INFO - HTTP Request: POST https://gmgn.ai/defi/quotation/v1/rank/sol/wallets/7d?device_id=f80400db-d886-4350-89fc-767ce49eefd7&tag=smart_degen&orderby=pnl_7d&direction=desc "HTTP/1.1 403 Forbidden"
2025-02-02 09:59:05 - GMGN_Client - WARNING - Received HTTP 403 for https://gmgn.ai/defi/quotation/v1/rank/sol/wallets/7d, rotating headers and retrying...
2025-02-02 09:59:05 - gmgn_api - ERROR - Received HTTP 403 for https://gmgn.ai/defi/quotation/v1/rank/sol/wallets/7d
2025-02-02 09:59:14 - GMGN_Client - INFO - Max requests reached, rotating headers...
2025-02-02 09:59:14 - GMGN_Client - INFO - Rotated Headers -> Client: chrome_108, User-Agent: Mozilla/5.0 (Windows NT 10.0; Win64; x64) AppleWebKit/537.36 (KHTML, like Gecko) Chrome/131.0.0.0 Safari/537.36
2025-02-02 09:59:16 - httpx - INFO - HTTP Request: POST https://gmgn.ai/defi/quotation/v1/rank/sol/wallets/7d?device_id=f80400db-d886-4350-89fc-767ce49eefd7&tag=smart_degen&orderby=pnl_7d&direction=desc "HTTP/1.1 403 Forbidden"
2025-02-02 09:59:16 - GMGN_Client - WARNING - Received HTTP 403 for https://gmgn.ai/defi/quotation/v1/rank/sol/wallets/7d, rotating headers and retrying...
2025-02-02 09:59:16 - gmgn_api - ERROR - Received HTTP 403 for https://gmgn.ai/defi/quotation/v1/rank/sol/wallets/7d
2025-02-02 10:00:45 - WalletWave - INFO - Initializing: Top Wallets
2025-02-02 10:00:45 - TopWallets - INFO - TopWallets plugin initialized.
2025-02-02 10:00:45 - WalletWave - INFO - Executing plugin...
2025-02-02 10:00:45 - GMGN_Client - INFO - Executing 1 queued requests...
2025-02-02 10:00:48 - httpx - INFO - HTTP Request: GET https://gmgn.ai/defi/quotation/v1/rank/sol/wallets/7d?device_id=f80400db-d886-4350-89fc-767ce49eefd7&tag=smart_degen&orderby=pnl_7d&direction=desc "HTTP/1.1 403 Forbidden"
2025-02-02 10:00:48 - GMGN_Client - WARNING - Received HTTP 403 for https://gmgn.ai/defi/quotation/v1/rank/sol/wallets/7d, rotating headers and retrying...
2025-02-02 10:00:48 - gmgn_api - ERROR - Received HTTP 403 for https://gmgn.ai/defi/quotation/v1/rank/sol/wallets/7d
2025-02-02 10:05:31 - WalletWave - INFO - Initializing: Top Wallets
2025-02-02 10:05:31 - TopWallets - INFO - TopWallets plugin initialized.
2025-02-02 10:05:31 - WalletWave - INFO - Executing plugin...
2025-02-02 10:05:31 - GMGN_Client - INFO - Executing 1 queued requests...
2025-02-02 10:05:33 - httpx - INFO - HTTP Request: GET https://gmgn.ai/defi/quotation/v1/rank/sol/wallets/7d?device_id=f80400db-d886-4350-89fc-767ce49eefd7&client_id=gmgn_web_2025.0128.214338&from_app=gmgn&app_ver=2025.0128.214338&tz_name=America%2FIndianapolis&tz_offset=-18000&app_lang=en&tag=smart_degen&orderby=pnl_7d&direction=desc "HTTP/1.1 403 Forbidden"
2025-02-02 10:05:33 - GMGN_Client - WARNING - Received HTTP 403 for https://gmgn.ai/defi/quotation/v1/rank/sol/wallets/7d, rotating headers and retrying...
2025-02-02 10:05:33 - gmgn_api - ERROR - Received HTTP 403 for https://gmgn.ai/defi/quotation/v1/rank/sol/wallets/7d
2025-02-02 10:05:45 - httpx - INFO - HTTP Request: GET https://gmgn.ai/defi/quotation/v1/rank/sol/wallets/7d?device_id=f80400db-d886-4350-89fc-767ce49eefd7&client_id=gmgn_web_2025.0128.214338&from_app=gmgn&app_ver=2025.0128.214338&tz_name=America%2FIndianapolis&tz_offset=-18000&app_lang=en&tag=smart_degen&orderby=pnl_7d&direction=desc "HTTP/1.1 403 Forbidden"
2025-02-02 10:05:45 - GMGN_Client - WARNING - Received HTTP 403 for https://gmgn.ai/defi/quotation/v1/rank/sol/wallets/7d, rotating headers and retrying...
2025-02-02 10:05:45 - gmgn_api - ERROR - Received HTTP 403 for https://gmgn.ai/defi/quotation/v1/rank/sol/wallets/7d
2025-02-02 10:06:16 - WalletWave - INFO - Initializing: Top Wallets
2025-02-02 10:06:16 - TopWallets - INFO - TopWallets plugin initialized.
2025-02-02 10:06:16 - WalletWave - INFO - Executing plugin...
2025-02-02 10:06:16 - GMGN_Client - INFO - Executing 1 queued requests...
2025-02-02 10:06:19 - httpx - INFO - HTTP Request: POST https://gmgn.ai/defi/quotation/v1/rank/sol/wallets/7d?device_id=f80400db-d886-4350-89fc-767ce49eefd7&client_id=gmgn_web_2025.0128.214338&from_app=gmgn&app_ver=2025.0128.214338&tz_name=America%2FIndianapolis&tz_offset=-18000&app_lang=en&tag=smart_degen&orderby=pnl_7d&direction=desc "HTTP/1.1 403 Forbidden"
2025-02-02 10:06:19 - GMGN_Client - WARNING - Received HTTP 403 for https://gmgn.ai/defi/quotation/v1/rank/sol/wallets/7d, rotating headers and retrying...
2025-02-02 10:06:19 - gmgn_api - ERROR - Received HTTP 403 for https://gmgn.ai/defi/quotation/v1/rank/sol/wallets/7d
2025-02-02 10:06:26 - httpx - INFO - HTTP Request: POST https://gmgn.ai/defi/quotation/v1/rank/sol/wallets/7d?device_id=f80400db-d886-4350-89fc-767ce49eefd7&client_id=gmgn_web_2025.0128.214338&from_app=gmgn&app_ver=2025.0128.214338&tz_name=America%2FIndianapolis&tz_offset=-18000&app_lang=en&tag=smart_degen&orderby=pnl_7d&direction=desc "HTTP/1.1 403 Forbidden"
2025-02-02 10:06:26 - GMGN_Client - WARNING - Received HTTP 403 for https://gmgn.ai/defi/quotation/v1/rank/sol/wallets/7d, rotating headers and retrying...
2025-02-02 10:06:26 - gmgn_api - ERROR - Received HTTP 403 for https://gmgn.ai/defi/quotation/v1/rank/sol/wallets/7d
2025-02-02 10:06:33 - httpx - INFO - HTTP Request: POST https://gmgn.ai/defi/quotation/v1/rank/sol/wallets/7d?device_id=f80400db-d886-4350-89fc-767ce49eefd7&client_id=gmgn_web_2025.0128.214338&from_app=gmgn&app_ver=2025.0128.214338&tz_name=America%2FIndianapolis&tz_offset=-18000&app_lang=en&tag=smart_degen&orderby=pnl_7d&direction=desc "HTTP/1.1 403 Forbidden"
2025-02-02 10:06:33 - GMGN_Client - WARNING - Received HTTP 403 for https://gmgn.ai/defi/quotation/v1/rank/sol/wallets/7d, rotating headers and retrying...
2025-02-02 10:06:33 - gmgn_api - ERROR - Received HTTP 403 for https://gmgn.ai/defi/quotation/v1/rank/sol/wallets/7d
2025-02-02 10:06:33 - GMGN_Client - ERROR - Multiple consecutive failures, clearing cookies and retrying...
2025-02-02 10:06:33 - GMGN_Client - WARNING - Lets destroy cookies!
2025-02-02 10:06:33 - GMGN_Client - INFO - Cookies cleared...
2025-02-02 10:06:44 - httpx - INFO - HTTP Request: POST https://gmgn.ai/defi/quotation/v1/rank/sol/wallets/7d?device_id=f80400db-d886-4350-89fc-767ce49eefd7&client_id=gmgn_web_2025.0128.214338&from_app=gmgn&app_ver=2025.0128.214338&tz_name=America%2FIndianapolis&tz_offset=-18000&app_lang=en&tag=smart_degen&orderby=pnl_7d&direction=desc "HTTP/1.1 403 Forbidden"
2025-02-02 10:06:44 - GMGN_Client - WARNING - Received HTTP 403 for https://gmgn.ai/defi/quotation/v1/rank/sol/wallets/7d, rotating headers and retrying...
2025-02-02 10:06:44 - gmgn_api - ERROR - Received HTTP 403 for https://gmgn.ai/defi/quotation/v1/rank/sol/wallets/7d
2025-02-02 10:06:53 - GMGN_Client - INFO - Max requests reached, rotating headers...
2025-02-02 10:06:54 - GMGN_Client - INFO - Rotated Headers -> Client: chrome_117, User-Agent: Mozilla/5.0 (Windows NT 10.0; Win64; x64) AppleWebKit/537.36 (KHTML, like Gecko) Chrome/131.0.0.0 Safari/537.36
2025-02-02 10:06:56 - httpx - INFO - HTTP Request: POST https://gmgn.ai/defi/quotation/v1/rank/sol/wallets/7d?device_id=f80400db-d886-4350-89fc-767ce49eefd7&client_id=gmgn_web_2025.0128.214338&from_app=gmgn&app_ver=2025.0128.214338&tz_name=America%2FIndianapolis&tz_offset=-18000&app_lang=en&tag=smart_degen&orderby=pnl_7d&direction=desc "HTTP/1.1 403 Forbidden"
2025-02-02 10:06:56 - GMGN_Client - WARNING - Received HTTP 403 for https://gmgn.ai/defi/quotation/v1/rank/sol/wallets/7d, rotating headers and retrying...
2025-02-02 10:06:56 - gmgn_api - ERROR - Received HTTP 403 for https://gmgn.ai/defi/quotation/v1/rank/sol/wallets/7d
2025-02-02 10:10:18 - WalletWave - INFO - Initializing: Top Wallets
2025-02-02 10:10:18 - TopWallets - INFO - TopWallets plugin initialized.
2025-02-02 10:10:18 - WalletWave - INFO - Executing plugin...
2025-02-02 10:10:18 - GMGN_Client - INFO - Executing 1 queued requests...
2025-02-02 10:10:20 - httpx - INFO - HTTP Request: POST https://gmgn.ai/defi/quotation/v1/rank/sol/wallets/7d?device_id=f80400db-d886-4350-89fc-767ce49eefd7&client_id=gmgn_web_2025.0128.214338&from_app=gmgn&app_ver=2025.0128.214338&tz_name=America%2FIndianapolis&tz_offset=-18000&app_lang=en&tag=smart_degen&orderby=pnl_7d&direction=desc "HTTP/1.1 403 Forbidden"
2025-02-02 10:10:20 - GMGN_Client - WARNING - Received HTTP 403 for https://gmgn.ai/defi/quotation/v1/rank/sol/wallets/7d, rotating headers and retrying...
2025-02-02 10:10:20 - gmgn_api - ERROR - Received HTTP 403 for https://gmgn.ai/defi/quotation/v1/rank/sol/wallets/7d
2025-02-02 10:10:30 - httpx - INFO - HTTP Request: POST https://gmgn.ai/defi/quotation/v1/rank/sol/wallets/7d?device_id=f80400db-d886-4350-89fc-767ce49eefd7&client_id=gmgn_web_2025.0128.214338&from_app=gmgn&app_ver=2025.0128.214338&tz_name=America%2FIndianapolis&tz_offset=-18000&app_lang=en&tag=smart_degen&orderby=pnl_7d&direction=desc "HTTP/1.1 403 Forbidden"
2025-02-02 10:10:30 - GMGN_Client - WARNING - Received HTTP 403 for https://gmgn.ai/defi/quotation/v1/rank/sol/wallets/7d, rotating headers and retrying...
2025-02-02 10:10:30 - gmgn_api - ERROR - Received HTTP 403 for https://gmgn.ai/defi/quotation/v1/rank/sol/wallets/7d
2025-02-02 10:10:42 - httpx - INFO - HTTP Request: POST https://gmgn.ai/defi/quotation/v1/rank/sol/wallets/7d?device_id=f80400db-d886-4350-89fc-767ce49eefd7&client_id=gmgn_web_2025.0128.214338&from_app=gmgn&app_ver=2025.0128.214338&tz_name=America%2FIndianapolis&tz_offset=-18000&app_lang=en&tag=smart_degen&orderby=pnl_7d&direction=desc "HTTP/1.1 403 Forbidden"
2025-02-02 10:10:42 - GMGN_Client - WARNING - Received HTTP 403 for https://gmgn.ai/defi/quotation/v1/rank/sol/wallets/7d, rotating headers and retrying...
2025-02-02 10:10:42 - gmgn_api - ERROR - Received HTTP 403 for https://gmgn.ai/defi/quotation/v1/rank/sol/wallets/7d
2025-02-02 10:10:42 - GMGN_Client - ERROR - Multiple consecutive failures, clearing cookies and retrying...
2025-02-02 10:10:42 - GMGN_Client - WARNING - Lets destroy cookies!
2025-02-02 10:10:42 - GMGN_Client - INFO - Cookies cleared...
2025-02-02 10:10:51 - httpx - INFO - HTTP Request: POST https://gmgn.ai/defi/quotation/v1/rank/sol/wallets/7d?device_id=f80400db-d886-4350-89fc-767ce49eefd7&client_id=gmgn_web_2025.0128.214338&from_app=gmgn&app_ver=2025.0128.214338&tz_name=America%2FIndianapolis&tz_offset=-18000&app_lang=en&tag=smart_degen&orderby=pnl_7d&direction=desc "HTTP/1.1 403 Forbidden"
2025-02-02 10:10:51 - GMGN_Client - WARNING - Received HTTP 403 for https://gmgn.ai/defi/quotation/v1/rank/sol/wallets/7d, rotating headers and retrying...
2025-02-02 10:10:51 - gmgn_api - ERROR - Received HTTP 403 for https://gmgn.ai/defi/quotation/v1/rank/sol/wallets/7d
2025-02-02 10:11:56 - WalletWave - INFO - Initializing: Top Wallets
2025-02-02 10:11:56 - TopWallets - INFO - TopWallets plugin initialized.
2025-02-02 10:11:56 - WalletWave - INFO - Executing plugin...
2025-02-02 10:11:56 - GMGN_Client - INFO - Executing 1 queued requests...
2025-02-02 10:11:58 - httpx - INFO - HTTP Request: GET https://gmgn.ai/defi/quotation/v1/rank/sol/wallets/7d?device_id=f80400db-d886-4350-89fc-767ce49eefd7&client_id=gmgn_web_2025.0128.214338&from_app=gmgn&app_ver=2025.0128.214338&tz_name=America%2FIndianapolis&tz_offset=-18000&app_lang=en&tag=smart_degen&orderby=pnl_7d&direction=desc "HTTP/1.1 403 Forbidden"
2025-02-02 10:11:58 - GMGN_Client - WARNING - Received HTTP 403 for https://gmgn.ai/defi/quotation/v1/rank/sol/wallets/7d, rotating headers and retrying...
2025-02-02 10:11:58 - gmgn_api - ERROR - Received HTTP 403 for https://gmgn.ai/defi/quotation/v1/rank/sol/wallets/7d
2025-02-02 10:12:09 - httpx - INFO - HTTP Request: GET https://gmgn.ai/defi/quotation/v1/rank/sol/wallets/7d?device_id=f80400db-d886-4350-89fc-767ce49eefd7&client_id=gmgn_web_2025.0128.214338&from_app=gmgn&app_ver=2025.0128.214338&tz_name=America%2FIndianapolis&tz_offset=-18000&app_lang=en&tag=smart_degen&orderby=pnl_7d&direction=desc "HTTP/1.1 403 Forbidden"
2025-02-02 10:12:09 - GMGN_Client - WARNING - Received HTTP 403 for https://gmgn.ai/defi/quotation/v1/rank/sol/wallets/7d, rotating headers and retrying...
2025-02-02 10:12:09 - gmgn_api - ERROR - Received HTTP 403 for https://gmgn.ai/defi/quotation/v1/rank/sol/wallets/7d
2025-02-02 10:35:43 - WalletWave - INFO - Initializing: Top Wallets
2025-02-02 10:35:43 - TopWallets - INFO - TopWallets plugin initialized.
2025-02-02 10:35:43 - WalletWave - INFO - Executing plugin...
2025-02-02 10:35:43 - GMGN_Client - INFO - Executing 1 queued requests...
2025-02-02 10:35:46 - httpx - INFO - HTTP Request: GET https://gmgn.ai/defi/quotation/v1/rank/sol/wallets/7d?device_id=f80400db-d886-4350-89fc-767ce49eefd7&client_id=gmgn_web_2025.0128.214338&from_app=gmgn&app_ver=2025.0128.214338&tz_name=America%2FIndianapolis&tz_offset=-18000&app_lang=en&tag=smart_degen&orderby=pnl_7d&direction=desc "HTTP/1.1 403 Forbidden"
2025-02-02 10:35:46 - GMGN_Client - WARNING - Received HTTP 403 for https://gmgn.ai/defi/quotation/v1/rank/sol/wallets/7d, rotating headers and retrying...
2025-02-02 10:35:46 - gmgn_api - ERROR - Received HTTP 403 for https://gmgn.ai/defi/quotation/v1/rank/sol/wallets/7d
2025-02-02 10:35:55 - httpx - INFO - HTTP Request: GET https://gmgn.ai/defi/quotation/v1/rank/sol/wallets/7d?device_id=f80400db-d886-4350-89fc-767ce49eefd7&client_id=gmgn_web_2025.0128.214338&from_app=gmgn&app_ver=2025.0128.214338&tz_name=America%2FIndianapolis&tz_offset=-18000&app_lang=en&tag=smart_degen&orderby=pnl_7d&direction=desc "HTTP/1.1 403 Forbidden"
2025-02-02 10:35:55 - GMGN_Client - WARNING - Received HTTP 403 for https://gmgn.ai/defi/quotation/v1/rank/sol/wallets/7d, rotating headers and retrying...
2025-02-02 10:35:55 - gmgn_api - ERROR - Received HTTP 403 for https://gmgn.ai/defi/quotation/v1/rank/sol/wallets/7d
2025-02-02 10:36:01 - GMGN_Client - INFO - Max requests reached, rotating headers...
2025-02-02 10:36:01 - GMGN_Client - INFO - Rotated Headers -> Client: safari_16_0, User-Agent: Mozilla/5.0 (Macintosh; Intel Mac OS X 10_15_7) AppleWebKit/605.1.15 (KHTML, like Gecko) Version/17.6 Safari/605.1.15
2025-02-02 10:36:03 - httpx - INFO - HTTP Request: GET https://gmgn.ai/defi/quotation/v1/rank/sol/wallets/7d?device_id=f80400db-d886-4350-89fc-767ce49eefd7&client_id=gmgn_web_2025.0128.214338&from_app=gmgn&app_ver=2025.0128.214338&tz_name=America%2FIndianapolis&tz_offset=-18000&app_lang=en&tag=smart_degen&orderby=pnl_7d&direction=desc "HTTP/1.1 403 Forbidden"
2025-02-02 10:36:03 - GMGN_Client - WARNING - Received HTTP 403 for https://gmgn.ai/defi/quotation/v1/rank/sol/wallets/7d, rotating headers and retrying...
2025-02-02 10:36:03 - gmgn_api - ERROR - Received HTTP 403 for https://gmgn.ai/defi/quotation/v1/rank/sol/wallets/7d
2025-02-02 10:36:03 - GMGN_Client - ERROR - Multiple consecutive failures, clearing cookies and retrying...
2025-02-02 10:36:03 - GMGN_Client - WARNING - Lets destroy cookies!
2025-02-02 10:36:03 - GMGN_Client - INFO - Cookies cleared...
2025-02-02 10:36:13 - httpx - INFO - HTTP Request: GET https://gmgn.ai/defi/quotation/v1/rank/sol/wallets/7d?device_id=f80400db-d886-4350-89fc-767ce49eefd7&client_id=gmgn_web_2025.0128.214338&from_app=gmgn&app_ver=2025.0128.214338&tz_name=America%2FIndianapolis&tz_offset=-18000&app_lang=en&tag=smart_degen&orderby=pnl_7d&direction=desc "HTTP/1.1 403 Forbidden"
2025-02-02 10:36:13 - GMGN_Client - WARNING - Received HTTP 403 for https://gmgn.ai/defi/quotation/v1/rank/sol/wallets/7d, rotating headers and retrying...
2025-02-02 10:36:13 - gmgn_api - ERROR - Received HTTP 403 for https://gmgn.ai/defi/quotation/v1/rank/sol/wallets/7d
2025-02-02 11:23:32 - WalletWave - INFO - Initializing: Top Wallets
2025-02-02 11:23:32 - TopWallets - INFO - TopWallets plugin initialized.
2025-02-02 11:23:32 - WalletWave - INFO - Executing plugin...
2025-02-02 11:23:32 - GMGN_Client - INFO - Executing 1 queued requests...
2025-02-02 11:23:34 - httpx - INFO - HTTP Request: GET https://gmgn.ai/defi/quotation/v1/rank/sol/wallets/7d?device_id=f80400db-d886-4350-89fc-767ce49eefd7&client_id=gmgn_web_2025.0128.214338&from_app=gmgn&app_ver=2025.0128.214338&tz_name=America%2FIndianapolis&tz_offset=-18000&app_lang=en&tag=smart_degen&orderby=pnl_7d&direction=desc "HTTP/1.1 403 Forbidden"
2025-02-02 11:23:34 - GMGN_Client - WARNING - Received HTTP 403 for https://gmgn.ai/defi/quotation/v1/rank/sol/wallets/7d, rotating headers and retrying...
2025-02-02 11:23:34 - gmgn_api - ERROR - Received HTTP 403 for https://gmgn.ai/defi/quotation/v1/rank/sol/wallets/7d
